[INFO] 
 START GAME !!!
[WARNING] CSS Error parsing file:/D:/IU/DSA/DSA-Battleships/target/classes/UI/gui/application.css: Expected 'url("<uri-string>")' while parsing '-fx-background-image' at [9,22]
[INFO] Cell Coordinate [row=6, col=1] is now selected
[INFO] Cell Coordinate [row=7, col=1] is now selected
[INFO] Cell Coordinate [row=4, col=2] is now selected
[INFO] Cell Coordinate [row=5, col=2] is now selected
[INFO] Cell Coordinate [row=6, col=2] is now selected
[INFO] Cell Coordinate [row=5, col=3] is now selected
[INFO] Cell Coordinate [row=6, col=3] is now selected
[INFO] Cell Coordinate [row=7, col=3] is now selected
[INFO] Boundary exceeded: Coordinate [row=5, col=3]
[INFO] Cell Coordinate [row=5, col=3] is now selected
[INFO] Cell Coordinate [row=5, col=4] is now selected
[INFO] Cell Coordinate [row=5, col=5] is now selected
[INFO] Cell Coordinate [row=5, col=6] is now selected
[INFO] Cell Coordinate [row=5, col=7] is now selected
[INFO] Cell Coordinate [row=7, col=7] is now selected
[INFO] Boundary exceeded: Coordinate [row=7, col=7]
[INFO] Cell Coordinate [row=7, col=7] is now selected
[INFO] Boundary exceeded: Coordinate [row=7, col=7]
[INFO] Cell Coordinate [row=6, col=6] is now selected
[INFO] Cell Coordinate [row=6, col=7] is now selected
[INFO] Boundary exceeded: Coordinate [row=6, col=6]
[INFO] Cell Coordinate [row=6, col=6] is now selected
[INFO] Cell Coordinate [row=7, col=6] is now selected
[INFO] Boundary exceeded: Coordinate [row=6, col=6]
[INFO] Cell Coordinate [row=3, col=7] is now selected
[INFO] Cell Coordinate [row=4, col=7] is now selected
[INFO] Ship has already placed on cellCoordinate [row=5, col=7]
[INFO] Cannot place ship here
[INFO] Cell Coordinate [row=3, col=7] is now selected
[INFO] Boundary exceeded: Coordinate [row=3, col=7]
[INFO] Cell Coordinate [row=3, col=3] is now selected
[INFO] Cell Coordinate [row=4, col=3] is now selected
[INFO] Ship has already placed on cellCoordinate [row=5, col=3]
[INFO] Cannot place ship here
[INFO] Cell Coordinate [row=3, col=3] is now selected
[INFO] Cell Coordinate [row=3, col=4] is now selected
[INFO] Cell Coordinate [row=3, col=5] is now selected
[INFO] Cell Coordinate [row=3, col=6] is now selected
[INFO] Cell Coordinate [row=3, col=0] is now selected
[INFO] Cell Coordinate [row=3, col=1] is now selected
[INFO] Cell Coordinate [row=3, col=2] is now selected
[INFO] 
O O O O O O O O 
O O O O O O O O 
O O O O O O O O 
S S S S S S S O 
O O S O O O O O 
O O S S S S S S 
O S S O O O O O 
O S O O O O O O 

[WARNING] CSS Error parsing file:/D:/IU/DSA/DSA-Battleships/target/classes/UI/gui/application.css: Expected 'url("<uri-string>")' while parsing '-fx-background-image' at [9,22]
[INFO] Cell Coordinate [row=0, col=0] is now selected
[INFO] Cell Coordinate [row=0, col=1] is now selected
[INFO] Cell Coordinate [row=0, col=2] is now selected
[INFO] Cell Coordinate [row=0, col=3] is now selected
[INFO] Cell Coordinate [row=0, col=4] is now selected
[INFO] Cell Coordinate [row=1, col=0] is now selected
[INFO] Cell Coordinate [row=1, col=1] is now selected
[INFO] Cell Coordinate [row=1, col=2] is now selected
[INFO] Cell Coordinate [row=1, col=3] is now selected
[INFO] Cell Coordinate [row=1, col=4] is now selected
[INFO] Cell Coordinate [row=1, col=0] is now selected
[INFO] Cell Coordinate [row=1, col=1] is now selected
[INFO] Cell Coordinate [row=1, col=2] is now selected
[INFO] Cell Coordinate [row=1, col=3] is now selected
[INFO] Cell Coordinate [row=1, col=4] is now selected
[INFO] Cell Coordinate [row=1, col=0] is now selected
[INFO] Cell Coordinate [row=1, col=1] is now selected
[INFO] Cell Coordinate [row=1, col=2] is now selected
[INFO] Cell Coordinate [row=1, col=3] is now selected
[INFO] Cell Coordinate [row=1, col=4] is now selected
[INFO] 
O O O O O O O O 
S S S S S O O O 
O O O O O O O O 
O O O O O O O O 
O O O O O O O O 
O O O O O O O O 
O O O O O O O O 
O O O O O O O O 

[INFO] Ship has already placed on cellCoordinate [row=1, col=1]
[INFO] Cannot place ship here
[INFO] Cell Coordinate [row=2, col=0] is now selected
[INFO] Cell Coordinate [row=2, col=1] is now selected
[INFO] Cell Coordinate [row=2, col=2] is now selected
[INFO] Cell Coordinate [row=2, col=3] is now selected
[INFO] Cell Coordinate [row=3, col=0] is now selected
[INFO] Cell Coordinate [row=3, col=1] is now selected
[INFO] Cell Coordinate [row=3, col=2] is now selected
[INFO] Cell Coordinate [row=3, col=3] is now selected
[INFO] Cell Coordinate [row=4, col=0] is now selected
[INFO] Cell Coordinate [row=4, col=1] is now selected
[INFO] Cell Coordinate [row=4, col=2] is now selected
[INFO] Cell Coordinate [row=4, col=3] is now selected
[INFO] Cell Coordinate [row=4, col=0] is now selected
[INFO] Cell Coordinate [row=4, col=1] is now selected
[INFO] Cell Coordinate [row=4, col=2] is now selected
[INFO] Cell Coordinate [row=4, col=3] is now selected
[INFO] Cell Coordinate [row=4, col=0] is now selected
[INFO] Cell Coordinate [row=4, col=1] is now selected
[INFO] Cell Coordinate [row=4, col=2] is now selected
[INFO] Cell Coordinate [row=4, col=3] is now selected
[INFO] 
O O O O O O O O 
S S S S S O O O 
O O O O O O O O 
O O O O O O O O 
S S S S O O O O 
O O O O O O O O 
O O O O O O O O 
O O O O O O O O 

[INFO] Cell Coordinate [row=2, col=1] is now selected
[INFO] Cell Coordinate [row=2, col=2] is now selected
[INFO] Cell Coordinate [row=2, col=3] is now selected
[INFO] Cell Coordinate [row=3, col=1] is now selected
[INFO] Cell Coordinate [row=3, col=2] is now selected
[INFO] Cell Coordinate [row=3, col=3] is now selected
[INFO] Cell Coordinate [row=5, col=0] is now selected
[INFO] Cell Coordinate [row=5, col=1] is now selected
[INFO] Cell Coordinate [row=5, col=2] is now selected
[INFO] Cell Coordinate [row=6, col=0] is now selected
[INFO] Cell Coordinate [row=6, col=1] is now selected
[INFO] Cell Coordinate [row=6, col=2] is now selected
[INFO] Cell Coordinate [row=6, col=0] is now selected
[INFO] Cell Coordinate [row=6, col=1] is now selected
[INFO] Cell Coordinate [row=6, col=2] is now selected
[INFO] Cell Coordinate [row=6, col=0] is now selected
[INFO] Cell Coordinate [row=6, col=1] is now selected
[INFO] Cell Coordinate [row=6, col=2] is now selected
[INFO] 
O O O O O O O O 
S S S S S O O O 
O O O O O O O O 
O O O O O O O O 
S S S S O O O O 
O O O O O O O O 
S S S O O O O O 
O O O O O O O O 

[INFO] Cell Coordinate [row=0, col=7] is now selected
[INFO] Cell Coordinate [row=1, col=7] is now selected
[INFO] Cell Coordinate [row=1, col=7] is now selected
[INFO] Cell Coordinate [row=2, col=7] is now selected
[INFO] Cell Coordinate [row=1, col=6] is now selected
[INFO] Cell Coordinate [row=2, col=6] is now selected
[INFO] Cell Coordinate [row=1, col=5] is now selected
[INFO] Cell Coordinate [row=2, col=5] is now selected
[INFO] Ship has already placed on cellCoordinate [row=1, col=4]
[INFO] Cannot place ship here
[INFO] Ship has already placed on cellCoordinate [row=1, col=4]
[INFO] Cannot place ship here
[INFO] Ship has already placed on cellCoordinate [row=1, col=4]
[INFO] Cannot place ship here
[INFO] Cell Coordinate [row=1, col=5] is now selected
[INFO] Cell Coordinate [row=2, col=5] is now selected
[INFO] Cell Coordinate [row=0, col=6] is now selected
[INFO] Cell Coordinate [row=1, col=6] is now selected
[INFO] Cell Coordinate [row=0, col=7] is now selected
[INFO] Cell Coordinate [row=1, col=7] is now selected
[INFO] Cell Coordinate [row=1, col=7] is now selected
[INFO] Cell Coordinate [row=2, col=7] is now selected
[INFO] Cell Coordinate [row=1, col=7] is now selected
[INFO] Cell Coordinate [row=2, col=7] is now selected
[INFO] Cell Coordinate [row=1, col=7] is now selected
[INFO] Cell Coordinate [row=2, col=7] is now selected
[INFO] 
O O O O O O O O 
S S S S S O O S 
O O O O O O O S 
O O O O O O O O 
S S S S O O O O 
O O O O O O O O 
S S S O O O O O 
O O O O O O O O 

[INFO] Cell Coordinate [row=0, col=5] is now selected
[INFO] Cell Coordinate [row=1, col=5] is now selected
[INFO] Cell Coordinate [row=2, col=5] is now selected
[INFO] Cell Coordinate [row=1, col=5] is now selected
[INFO] Cell Coordinate [row=2, col=5] is now selected
[INFO] Cell Coordinate [row=3, col=5] is now selected
[INFO] Cell Coordinate [row=2, col=5] is now selected
[INFO] Cell Coordinate [row=3, col=5] is now selected
[INFO] Cell Coordinate [row=4, col=5] is now selected
[INFO] Cell Coordinate [row=3, col=5] is now selected
[INFO] Cell Coordinate [row=4, col=5] is now selected
[INFO] Cell Coordinate [row=5, col=5] is now selected
[INFO] Cell Coordinate [row=4, col=5] is now selected
[INFO] Cell Coordinate [row=5, col=5] is now selected
[INFO] Cell Coordinate [row=6, col=5] is now selected
[INFO] Cell Coordinate [row=5, col=5] is now selected
[INFO] Cell Coordinate [row=6, col=5] is now selected
[INFO] Cell Coordinate [row=7, col=5] is now selected
[INFO] Cell Coordinate [row=6, col=5] is now selected
[INFO] Cell Coordinate [row=7, col=5] is now selected
[INFO] Boundary exceeded: Coordinate [row=6, col=5]
[INFO] Cell Coordinate [row=5, col=5] is now selected
[INFO] Cell Coordinate [row=6, col=5] is now selected
[INFO] Cell Coordinate [row=7, col=5] is now selected
[INFO] Cell Coordinate [row=5, col=6] is now selected
[INFO] Cell Coordinate [row=6, col=6] is now selected
[INFO] Cell Coordinate [row=7, col=6] is now selected
[INFO] Cell Coordinate [row=4, col=6] is now selected
[INFO] Cell Coordinate [row=5, col=6] is now selected
[INFO] Cell Coordinate [row=6, col=6] is now selected
[INFO] Cell Coordinate [row=4, col=6] is now selected
[INFO] Cell Coordinate [row=5, col=6] is now selected
[INFO] Cell Coordinate [row=6, col=6] is now selected
[INFO] Cell Coordinate [row=4, col=6] is now selected
[INFO] Cell Coordinate [row=5, col=6] is now selected
[INFO] Cell Coordinate [row=6, col=6] is now selected
[INFO] 
O O O O O O O O 
S S S S S O O S 
O O O O O O O S 
O O O O O O O O 
S S S S O O S O 
O O O O O O S O 
S S S O O O S O 
O O O O O O O O 

[WARNING] CSS Error parsing file:/D:/IU/DSA/DSA-Battleships/target/classes/UI/gui/application.css: Expected 'url("<uri-string>")' while parsing '-fx-background-image' at [9,22]
[INFO] class gameBoard.player.HumanPlayer
[INFO] class gameBoard.player.BotPlayer
[INFO] 
0 0 0 0 0 0 0 0 
0 0 0 0 0 0 0 0 
0 0 0 0 0 0 0 0 
0 0 0 0 0 0 0 0 
0 0 0 0 0 0 0 0 
0 0 0 0 0 0 0 0 
0 0 0 0 0 0 0 0 
0 0 0 0 0 0 0 0 

[INFO] 
0 0 0 0 0 0 0 0 
0 0 2 0 0 0 0 0 
0 0 0 0 0 0 0 0 
0 0 0 0 0 0 0 0 
0 0 0 0 0 0 0 0 
0 0 0 0 0 0 0 0 
0 0 0 0 0 0 0 0 
0 0 0 0 0 0 0 0 

[INFO] class gameBoard.player.HumanPlayer
[INFO] 
 START GAME !!!
[WARNING] CSS Error parsing file:/D:/IU/DSA/DSA-Battleships/target/classes/UI/gui/application.css: Expected 'url("<uri-string>")' while parsing '-fx-background-image' at [9,22]
[INFO] Cell Coordinate [row=0, col=7] is now selected
[INFO] Cell Coordinate [row=1, col=7] is now selected
[INFO] Cell Coordinate [row=2, col=7] is now selected
[INFO] Cell Coordinate [row=3, col=7] is now selected
[INFO] Cell Coordinate [row=4, col=7] is now selected
[INFO] Cell Coordinate [row=2, col=2] is now selected
[INFO] Cell Coordinate [row=2, col=3] is now selected
[INFO] Cell Coordinate [row=5, col=2] is now selected
[INFO] Cell Coordinate [row=6, col=2] is now selected
[INFO] Cell Coordinate [row=7, col=2] is now selected
[INFO] Boundary exceeded: Coordinate [row=5, col=2]
[INFO] Cell Coordinate [row=5, col=2] is now selected
[INFO] Cell Coordinate [row=5, col=3] is now selected
[INFO] Cell Coordinate [row=5, col=4] is now selected
[INFO] Cell Coordinate [row=5, col=5] is now selected
[INFO] Cell Coordinate [row=0, col=1] is now selected
[INFO] Cell Coordinate [row=1, col=1] is now selected
[INFO] Cell Coordinate [row=2, col=1] is now selected
[INFO] Cell Coordinate [row=7, col=6] is now selected
[INFO] Boundary exceeded: Coordinate [row=7, col=6]
[INFO] Cell Coordinate [row=7, col=6] is now selected
[INFO] Cell Coordinate [row=7, col=7] is now selected
[INFO] Boundary exceeded: Coordinate [row=7, col=6]
[INFO] Cell Coordinate [row=4, col=5] is now selected
[INFO] Ship has already placed on cellCoordinate [row=5, col=5]
[INFO] Cannot place ship here
[INFO] Cell Coordinate [row=4, col=5] is now selected
[INFO] Cell Coordinate [row=4, col=6] is now selected
[INFO] Ship has already placed on cellCoordinate [row=4, col=7]
[INFO] Cannot place ship here
[INFO] Cell Coordinate [row=6, col=1] is now selected
[INFO] Cell Coordinate [row=6, col=2] is now selected
[INFO] Cell Coordinate [row=6, col=3] is now selected
[INFO] 
O S O O O O O S 
O S O O O O O S 
O S S S O O O S 
O O O O O O O S 
O O O O O O O S 
O O S S S S O O 
O S S S O O O O 
O O O O O O O O 

[WARNING] CSS Error parsing file:/D:/IU/DSA/DSA-Battleships/target/classes/UI/gui/application.css: Expected 'url("<uri-string>")' while parsing '-fx-background-image' at [9,22]
[INFO] Cell Coordinate [row=0, col=1] is now selected
[INFO] Cell Coordinate [row=0, col=2] is now selected
[INFO] Cell Coordinate [row=0, col=3] is now selected
[INFO] Cell Coordinate [row=0, col=4] is now selected
[INFO] Cell Coordinate [row=0, col=1] is now selected
[INFO] Cell Coordinate [row=0, col=2] is now selected
[INFO] Cell Coordinate [row=0, col=3] is now selected
[INFO] Cell Coordinate [row=0, col=4] is now selected
[INFO] Cell Coordinate [row=0, col=1] is now selected
[INFO] Cell Coordinate [row=0, col=2] is now selected
[INFO] Cell Coordinate [row=0, col=3] is now selected
[INFO] Cell Coordinate [row=0, col=4] is now selected
[INFO] 
O S S S S O O O 
O O O O O O O O 
O O O O O O O O 
O O O O O O O O 
O O O O O O O O 
O O O O O O O O 
O O O O O O O O 
O O O O O O O O 

